{
  "0 debug pnpm:scope": {
    "selected": 1
  },
  "1 error pnpm": {
    "errno": 1,
    "code": "ELIFECYCLE",
    "pkgid": "part_two@1.0.0",
    "stage": "start",
    "script": "node build/index.js",
    "pkgname": "part_two",
    "err": {
      "name": "pnpm",
      "message": "part_two@1.0.0 start: `node build/index.js`\nExit status 1",
      "code": "ELIFECYCLE",
      "stack": "pnpm: part_two@1.0.0 start: `node build/index.js`\nExit status 1\n    at EventEmitter.<anonymous> (/usr/local/Cellar/pnpm/7.5.0/libexec/lib/node_modules/pnpm/dist/pnpm.cjs:108610:20)\n    at EventEmitter.emit (node:events:527:28)\n    at ChildProcess.<anonymous> (/usr/local/Cellar/pnpm/7.5.0/libexec/lib/node_modules/pnpm/dist/pnpm.cjs:95176:18)\n    at ChildProcess.emit (node:events:527:28)\n    at maybeClose (node:internal/child_process:1092:16)\n    at Process.ChildProcess._handle.onexit (node:internal/child_process:302:5)"
    }
  },
  "2 warn pnpm:global": " Local package.json exists, but node_modules missing, did you mean to install?"
}